CRITICAL - 2025-04-11 13:41:29 --> Error: Undefined constant "CodeIgniter\Database\MySQLi\MYSQLI_STORE_RESULT"
[Method: CLI, Route: migrate]
in SYSTEMPATH\Database\Database.php on line 143.
 1 SYSTEMPATH\Database\Database.php(61): CodeIgniter\Database\Database->initDriver()
 2 SYSTEMPATH\Database\Config.php(84): CodeIgniter\Database\Database->load()
 3 SYSTEMPATH\Common.php(363): CodeIgniter\Database\Config::connect()
 4 SYSTEMPATH\Database\MigrationRunner.php(145): db_connect()
 5 SYSTEMPATH\Config\Services.php(421): CodeIgniter\Database\MigrationRunner->__construct()
 6 SYSTEMPATH\Config\BaseService.php(312): CodeIgniter\Config\Services::migrations()
 7 SYSTEMPATH\Config\BaseService.php(251): CodeIgniter\Config\BaseService::__callStatic()
 8 SYSTEMPATH\Config\Services.php(416): CodeIgniter\Config\BaseService::getSharedInstance()
 9 SYSTEMPATH\Config\BaseService.php(321): CodeIgniter\Config\Services::migrations()
10 SYSTEMPATH\Config\BaseService.php(202): CodeIgniter\Config\BaseService::__callStatic()
11 SYSTEMPATH\Common.php(1000): CodeIgniter\Config\BaseService::get()
12 SYSTEMPATH\Commands\Database\Migrate.php(70): service()
13 SYSTEMPATH\CLI\Commands.php(70): CodeIgniter\Commands\Database\Migrate->run()
14 SYSTEMPATH\CLI\Console.php(48): CodeIgniter\CLI\Commands->run()
15 SYSTEMPATH\Boot.php(360): CodeIgniter\CLI\Console->run()
16 SYSTEMPATH\Boot.php(104): CodeIgniter\Boot::runCommand()
17 ROOTPATH\spark(84): CodeIgniter\Boot::bootSpark()
ERROR - 2025-04-11 13:43:54 --> Error connecting to the database: mysqli_sql_exception: No se puede establecer una conexión ya que el equipo de destino denegó expresamente dicha conexión in C:\Users\gianl\OneDrive\Documentos\Projects\Test-crud\codeigniter4-framework-96a1e60\system\Database\MySQLi\Connection.php:201
Stack trace:
#0 C:\Users\gianl\OneDrive\Documentos\Projects\Test-crud\codeigniter4-framework-96a1e60\system\Database\MySQLi\Connection.php(201): mysqli->real_connect()
#1 C:\Users\gianl\OneDrive\Documentos\Projects\Test-crud\codeigniter4-framework-96a1e60\system\Database\BaseConnection.php(421): CodeIgniter\Database\MySQLi\Connection->connect()
#2 C:\Users\gianl\OneDrive\Documentos\Projects\Test-crud\codeigniter4-framework-96a1e60\system\Database\BaseConnection.php(620): CodeIgniter\Database\BaseConnection->initialize()
#3 C:\Users\gianl\OneDrive\Documentos\Projects\Test-crud\codeigniter4-framework-96a1e60\system\Database\BaseConnection.php(1525): CodeIgniter\Database\BaseConnection->query()
#4 C:\Users\gianl\OneDrive\Documentos\Projects\Test-crud\codeigniter4-framework-96a1e60\system\Database\BaseConnection.php(1545): CodeIgniter\Database\BaseConnection->listTables()
#5 C:\Users\gianl\OneDrive\Documentos\Projects\Test-crud\codeigniter4-framework-96a1e60\system\Database\MigrationRunner.php(758): CodeIgniter\Database\BaseConnection->tableExists()
#6 C:\Users\gianl\OneDrive\Documentos\Projects\Test-crud\codeigniter4-framework-96a1e60\system\Database\MigrationRunner.php(162): CodeIgniter\Database\MigrationRunner->ensureTable()
#7 C:\Users\gianl\OneDrive\Documentos\Projects\Test-crud\codeigniter4-framework-96a1e60\system\Commands\Database\Migrate.php(85): CodeIgniter\Database\MigrationRunner->latest()
#8 C:\Users\gianl\OneDrive\Documentos\Projects\Test-crud\codeigniter4-framework-96a1e60\system\CLI\Commands.php(70): CodeIgniter\Commands\Database\Migrate->run()
#9 C:\Users\gianl\OneDrive\Documentos\Projects\Test-crud\codeigniter4-framework-96a1e60\system\CLI\Console.php(48): CodeIgniter\CLI\Commands->run()
#10 C:\Users\gianl\OneDrive\Documentos\Projects\Test-crud\codeigniter4-framework-96a1e60\system\Boot.php(360): CodeIgniter\CLI\Console->run()
#11 C:\Users\gianl\OneDrive\Documentos\Projects\Test-crud\codeigniter4-framework-96a1e60\system\Boot.php(104): CodeIgniter\Boot::runCommand()
#12 C:\Users\gianl\OneDrive\Documentos\Projects\Test-crud\codeigniter4-framework-96a1e60\spark(84): CodeIgniter\Boot::bootSpark()
#13 {main}

Next CodeIgniter\Database\Exceptions\DatabaseException: No se puede establecer una conexión ya que el equipo de destino denegó expresamente dicha conexión in C:\Users\gianl\OneDrive\Documentos\Projects\Test-crud\codeigniter4-framework-96a1e60\system\Database\MySQLi\Connection.php:246
Stack trace:
#0 C:\Users\gianl\OneDrive\Documentos\Projects\Test-crud\codeigniter4-framework-96a1e60\system\Database\BaseConnection.php(421): CodeIgniter\Database\MySQLi\Connection->connect()
#1 C:\Users\gianl\OneDrive\Documentos\Projects\Test-crud\codeigniter4-framework-96a1e60\system\Database\BaseConnection.php(620): CodeIgniter\Database\BaseConnection->initialize()
#2 C:\Users\gianl\OneDrive\Documentos\Projects\Test-crud\codeigniter4-framework-96a1e60\system\Database\BaseConnection.php(1525): CodeIgniter\Database\BaseConnection->query()
#3 C:\Users\gianl\OneDrive\Documentos\Projects\Test-crud\codeigniter4-framework-96a1e60\system\Database\BaseConnection.php(1545): CodeIgniter\Database\BaseConnection->listTables()
#4 C:\Users\gianl\OneDrive\Documentos\Projects\Test-crud\codeigniter4-framework-96a1e60\system\Database\MigrationRunner.php(758): CodeIgniter\Database\BaseConnection->tableExists()
#5 C:\Users\gianl\OneDrive\Documentos\Projects\Test-crud\codeigniter4-framework-96a1e60\system\Database\MigrationRunner.php(162): CodeIgniter\Database\MigrationRunner->ensureTable()
#6 C:\Users\gianl\OneDrive\Documentos\Projects\Test-crud\codeigniter4-framework-96a1e60\system\Commands\Database\Migrate.php(85): CodeIgniter\Database\MigrationRunner->latest()
#7 C:\Users\gianl\OneDrive\Documentos\Projects\Test-crud\codeigniter4-framework-96a1e60\system\CLI\Commands.php(70): CodeIgniter\Commands\Database\Migrate->run()
#8 C:\Users\gianl\OneDrive\Documentos\Projects\Test-crud\codeigniter4-framework-96a1e60\system\CLI\Console.php(48): CodeIgniter\CLI\Commands->run()
#9 C:\Users\gianl\OneDrive\Documentos\Projects\Test-crud\codeigniter4-framework-96a1e60\system\Boot.php(360): CodeIgniter\CLI\Console->run()
#10 C:\Users\gianl\OneDrive\Documentos\Projects\Test-crud\codeigniter4-framework-96a1e60\system\Boot.php(104): CodeIgniter\Boot::runCommand()
#11 C:\Users\gianl\OneDrive\Documentos\Projects\Test-crud\codeigniter4-framework-96a1e60\spark(84): CodeIgniter\Boot::bootSpark()
#12 {main}
ERROR - 2025-04-11 13:45:08 --> Error connecting to the database: mysqli_sql_exception: No se puede establecer una conexión ya que el equipo de destino denegó expresamente dicha conexión in C:\Users\gianl\OneDrive\Documentos\Projects\Test-crud\codeigniter4-framework-96a1e60\system\Database\MySQLi\Connection.php:201
Stack trace:
#0 C:\Users\gianl\OneDrive\Documentos\Projects\Test-crud\codeigniter4-framework-96a1e60\system\Database\MySQLi\Connection.php(201): mysqli->real_connect()
#1 C:\Users\gianl\OneDrive\Documentos\Projects\Test-crud\codeigniter4-framework-96a1e60\system\Database\BaseConnection.php(421): CodeIgniter\Database\MySQLi\Connection->connect()
#2 C:\Users\gianl\OneDrive\Documentos\Projects\Test-crud\codeigniter4-framework-96a1e60\system\Database\BaseConnection.php(620): CodeIgniter\Database\BaseConnection->initialize()
#3 C:\Users\gianl\OneDrive\Documentos\Projects\Test-crud\codeigniter4-framework-96a1e60\system\Database\BaseConnection.php(1525): CodeIgniter\Database\BaseConnection->query()
#4 C:\Users\gianl\OneDrive\Documentos\Projects\Test-crud\codeigniter4-framework-96a1e60\system\Database\BaseConnection.php(1545): CodeIgniter\Database\BaseConnection->listTables()
#5 C:\Users\gianl\OneDrive\Documentos\Projects\Test-crud\codeigniter4-framework-96a1e60\system\Database\MigrationRunner.php(758): CodeIgniter\Database\BaseConnection->tableExists()
#6 C:\Users\gianl\OneDrive\Documentos\Projects\Test-crud\codeigniter4-framework-96a1e60\system\Database\MigrationRunner.php(162): CodeIgniter\Database\MigrationRunner->ensureTable()
#7 C:\Users\gianl\OneDrive\Documentos\Projects\Test-crud\codeigniter4-framework-96a1e60\system\Commands\Database\Migrate.php(85): CodeIgniter\Database\MigrationRunner->latest()
#8 C:\Users\gianl\OneDrive\Documentos\Projects\Test-crud\codeigniter4-framework-96a1e60\system\CLI\Commands.php(70): CodeIgniter\Commands\Database\Migrate->run()
#9 C:\Users\gianl\OneDrive\Documentos\Projects\Test-crud\codeigniter4-framework-96a1e60\system\CLI\Console.php(48): CodeIgniter\CLI\Commands->run()
#10 C:\Users\gianl\OneDrive\Documentos\Projects\Test-crud\codeigniter4-framework-96a1e60\system\Boot.php(360): CodeIgniter\CLI\Console->run()
#11 C:\Users\gianl\OneDrive\Documentos\Projects\Test-crud\codeigniter4-framework-96a1e60\system\Boot.php(104): CodeIgniter\Boot::runCommand()
#12 C:\Users\gianl\OneDrive\Documentos\Projects\Test-crud\codeigniter4-framework-96a1e60\spark(84): CodeIgniter\Boot::bootSpark()
#13 {main}

Next CodeIgniter\Database\Exceptions\DatabaseException: No se puede establecer una conexión ya que el equipo de destino denegó expresamente dicha conexión in C:\Users\gianl\OneDrive\Documentos\Projects\Test-crud\codeigniter4-framework-96a1e60\system\Database\MySQLi\Connection.php:246
Stack trace:
#0 C:\Users\gianl\OneDrive\Documentos\Projects\Test-crud\codeigniter4-framework-96a1e60\system\Database\BaseConnection.php(421): CodeIgniter\Database\MySQLi\Connection->connect()
#1 C:\Users\gianl\OneDrive\Documentos\Projects\Test-crud\codeigniter4-framework-96a1e60\system\Database\BaseConnection.php(620): CodeIgniter\Database\BaseConnection->initialize()
#2 C:\Users\gianl\OneDrive\Documentos\Projects\Test-crud\codeigniter4-framework-96a1e60\system\Database\BaseConnection.php(1525): CodeIgniter\Database\BaseConnection->query()
#3 C:\Users\gianl\OneDrive\Documentos\Projects\Test-crud\codeigniter4-framework-96a1e60\system\Database\BaseConnection.php(1545): CodeIgniter\Database\BaseConnection->listTables()
#4 C:\Users\gianl\OneDrive\Documentos\Projects\Test-crud\codeigniter4-framework-96a1e60\system\Database\MigrationRunner.php(758): CodeIgniter\Database\BaseConnection->tableExists()
#5 C:\Users\gianl\OneDrive\Documentos\Projects\Test-crud\codeigniter4-framework-96a1e60\system\Database\MigrationRunner.php(162): CodeIgniter\Database\MigrationRunner->ensureTable()
#6 C:\Users\gianl\OneDrive\Documentos\Projects\Test-crud\codeigniter4-framework-96a1e60\system\Commands\Database\Migrate.php(85): CodeIgniter\Database\MigrationRunner->latest()
#7 C:\Users\gianl\OneDrive\Documentos\Projects\Test-crud\codeigniter4-framework-96a1e60\system\CLI\Commands.php(70): CodeIgniter\Commands\Database\Migrate->run()
#8 C:\Users\gianl\OneDrive\Documentos\Projects\Test-crud\codeigniter4-framework-96a1e60\system\CLI\Console.php(48): CodeIgniter\CLI\Commands->run()
#9 C:\Users\gianl\OneDrive\Documentos\Projects\Test-crud\codeigniter4-framework-96a1e60\system\Boot.php(360): CodeIgniter\CLI\Console->run()
#10 C:\Users\gianl\OneDrive\Documentos\Projects\Test-crud\codeigniter4-framework-96a1e60\system\Boot.php(104): CodeIgniter\Boot::runCommand()
#11 C:\Users\gianl\OneDrive\Documentos\Projects\Test-crud\codeigniter4-framework-96a1e60\spark(84): CodeIgniter\Boot::bootSpark()
#12 {main}
ERROR - 2025-04-11 14:03:10 --> Error connecting to the database: mysqli_sql_exception: No se puede establecer una conexión ya que el equipo de destino denegó expresamente dicha conexión in C:\xampp\htdocs\Test-crud\system\Database\MySQLi\Connection.php:201
Stack trace:
#0 C:\xampp\htdocs\Test-crud\system\Database\MySQLi\Connection.php(201): mysqli->real_connect()
#1 C:\xampp\htdocs\Test-crud\system\Database\BaseConnection.php(421): CodeIgniter\Database\MySQLi\Connection->connect()
#2 C:\xampp\htdocs\Test-crud\system\Database\BaseConnection.php(620): CodeIgniter\Database\BaseConnection->initialize()
#3 C:\xampp\htdocs\Test-crud\system\Database\BaseConnection.php(1525): CodeIgniter\Database\BaseConnection->query()
#4 C:\xampp\htdocs\Test-crud\system\Database\BaseConnection.php(1545): CodeIgniter\Database\BaseConnection->listTables()
#5 C:\xampp\htdocs\Test-crud\system\Database\MigrationRunner.php(758): CodeIgniter\Database\BaseConnection->tableExists()
#6 C:\xampp\htdocs\Test-crud\system\Database\MigrationRunner.php(162): CodeIgniter\Database\MigrationRunner->ensureTable()
#7 C:\xampp\htdocs\Test-crud\system\Commands\Database\Migrate.php(85): CodeIgniter\Database\MigrationRunner->latest()
#8 C:\xampp\htdocs\Test-crud\system\CLI\Commands.php(70): CodeIgniter\Commands\Database\Migrate->run()
#9 C:\xampp\htdocs\Test-crud\system\CLI\Console.php(48): CodeIgniter\CLI\Commands->run()
#10 C:\xampp\htdocs\Test-crud\system\Boot.php(360): CodeIgniter\CLI\Console->run()
#11 C:\xampp\htdocs\Test-crud\system\Boot.php(104): CodeIgniter\Boot::runCommand()
#12 C:\xampp\htdocs\Test-crud\spark(84): CodeIgniter\Boot::bootSpark()
#13 {main}

Next CodeIgniter\Database\Exceptions\DatabaseException: No se puede establecer una conexión ya que el equipo de destino denegó expresamente dicha conexión in C:\xampp\htdocs\Test-crud\system\Database\MySQLi\Connection.php:246
Stack trace:
#0 C:\xampp\htdocs\Test-crud\system\Database\BaseConnection.php(421): CodeIgniter\Database\MySQLi\Connection->connect()
#1 C:\xampp\htdocs\Test-crud\system\Database\BaseConnection.php(620): CodeIgniter\Database\BaseConnection->initialize()
#2 C:\xampp\htdocs\Test-crud\system\Database\BaseConnection.php(1525): CodeIgniter\Database\BaseConnection->query()
#3 C:\xampp\htdocs\Test-crud\system\Database\BaseConnection.php(1545): CodeIgniter\Database\BaseConnection->listTables()
#4 C:\xampp\htdocs\Test-crud\system\Database\MigrationRunner.php(758): CodeIgniter\Database\BaseConnection->tableExists()
#5 C:\xampp\htdocs\Test-crud\system\Database\MigrationRunner.php(162): CodeIgniter\Database\MigrationRunner->ensureTable()
#6 C:\xampp\htdocs\Test-crud\system\Commands\Database\Migrate.php(85): CodeIgniter\Database\MigrationRunner->latest()
#7 C:\xampp\htdocs\Test-crud\system\CLI\Commands.php(70): CodeIgniter\Commands\Database\Migrate->run()
#8 C:\xampp\htdocs\Test-crud\system\CLI\Console.php(48): CodeIgniter\CLI\Commands->run()
#9 C:\xampp\htdocs\Test-crud\system\Boot.php(360): CodeIgniter\CLI\Console->run()
#10 C:\xampp\htdocs\Test-crud\system\Boot.php(104): CodeIgniter\Boot::runCommand()
#11 C:\xampp\htdocs\Test-crud\spark(84): CodeIgniter\Boot::bootSpark()
#12 {main}
ERROR - 2025-04-11 15:06:34 --> Error connecting to the database: mysqli_sql_exception: No se puede establecer una conexión ya que el equipo de destino denegó expresamente dicha conexión in C:\xampp\htdocs\Test-crud\system\Database\MySQLi\Connection.php:201
Stack trace:
#0 C:\xampp\htdocs\Test-crud\system\Database\MySQLi\Connection.php(201): mysqli->real_connect()
#1 C:\xampp\htdocs\Test-crud\system\Database\BaseConnection.php(421): CodeIgniter\Database\MySQLi\Connection->connect()
#2 C:\xampp\htdocs\Test-crud\system\Database\BaseConnection.php(620): CodeIgniter\Database\BaseConnection->initialize()
#3 C:\xampp\htdocs\Test-crud\system\Database\BaseConnection.php(1525): CodeIgniter\Database\BaseConnection->query()
#4 C:\xampp\htdocs\Test-crud\system\Database\BaseConnection.php(1545): CodeIgniter\Database\BaseConnection->listTables()
#5 C:\xampp\htdocs\Test-crud\system\Database\MigrationRunner.php(758): CodeIgniter\Database\BaseConnection->tableExists()
#6 C:\xampp\htdocs\Test-crud\system\Database\MigrationRunner.php(162): CodeIgniter\Database\MigrationRunner->ensureTable()
#7 C:\xampp\htdocs\Test-crud\system\Commands\Database\Migrate.php(85): CodeIgniter\Database\MigrationRunner->latest()
#8 C:\xampp\htdocs\Test-crud\system\CLI\Commands.php(70): CodeIgniter\Commands\Database\Migrate->run()
#9 C:\xampp\htdocs\Test-crud\system\CLI\Console.php(48): CodeIgniter\CLI\Commands->run()
#10 C:\xampp\htdocs\Test-crud\system\Boot.php(360): CodeIgniter\CLI\Console->run()
#11 C:\xampp\htdocs\Test-crud\system\Boot.php(104): CodeIgniter\Boot::runCommand()
#12 C:\xampp\htdocs\Test-crud\spark(84): CodeIgniter\Boot::bootSpark()
#13 {main}

Next CodeIgniter\Database\Exceptions\DatabaseException: No se puede establecer una conexión ya que el equipo de destino denegó expresamente dicha conexión in C:\xampp\htdocs\Test-crud\system\Database\MySQLi\Connection.php:246
Stack trace:
#0 C:\xampp\htdocs\Test-crud\system\Database\BaseConnection.php(421): CodeIgniter\Database\MySQLi\Connection->connect()
#1 C:\xampp\htdocs\Test-crud\system\Database\BaseConnection.php(620): CodeIgniter\Database\BaseConnection->initialize()
#2 C:\xampp\htdocs\Test-crud\system\Database\BaseConnection.php(1525): CodeIgniter\Database\BaseConnection->query()
#3 C:\xampp\htdocs\Test-crud\system\Database\BaseConnection.php(1545): CodeIgniter\Database\BaseConnection->listTables()
#4 C:\xampp\htdocs\Test-crud\system\Database\MigrationRunner.php(758): CodeIgniter\Database\BaseConnection->tableExists()
#5 C:\xampp\htdocs\Test-crud\system\Database\MigrationRunner.php(162): CodeIgniter\Database\MigrationRunner->ensureTable()
#6 C:\xampp\htdocs\Test-crud\system\Commands\Database\Migrate.php(85): CodeIgniter\Database\MigrationRunner->latest()
#7 C:\xampp\htdocs\Test-crud\system\CLI\Commands.php(70): CodeIgniter\Commands\Database\Migrate->run()
#8 C:\xampp\htdocs\Test-crud\system\CLI\Console.php(48): CodeIgniter\CLI\Commands->run()
#9 C:\xampp\htdocs\Test-crud\system\Boot.php(360): CodeIgniter\CLI\Console->run()
#10 C:\xampp\htdocs\Test-crud\system\Boot.php(104): CodeIgniter\Boot::runCommand()
#11 C:\xampp\htdocs\Test-crud\spark(84): CodeIgniter\Boot::bootSpark()
#12 {main}
ERROR - 2025-04-11 15:18:15 --> Error connecting to the database: mysqli_sql_exception: No se puede establecer una conexión ya que el equipo de destino denegó expresamente dicha conexión in C:\xampp\htdocs\Test-crud\system\Database\MySQLi\Connection.php:201
Stack trace:
#0 C:\xampp\htdocs\Test-crud\system\Database\MySQLi\Connection.php(201): mysqli->real_connect()
#1 C:\xampp\htdocs\Test-crud\system\Database\BaseConnection.php(421): CodeIgniter\Database\MySQLi\Connection->connect()
#2 C:\xampp\htdocs\Test-crud\system\Database\BaseConnection.php(620): CodeIgniter\Database\BaseConnection->initialize()
#3 C:\xampp\htdocs\Test-crud\system\Database\BaseConnection.php(1525): CodeIgniter\Database\BaseConnection->query()
#4 C:\xampp\htdocs\Test-crud\system\Database\BaseConnection.php(1545): CodeIgniter\Database\BaseConnection->listTables()
#5 C:\xampp\htdocs\Test-crud\system\Database\MigrationRunner.php(758): CodeIgniter\Database\BaseConnection->tableExists()
#6 C:\xampp\htdocs\Test-crud\system\Database\MigrationRunner.php(162): CodeIgniter\Database\MigrationRunner->ensureTable()
#7 C:\xampp\htdocs\Test-crud\system\Commands\Database\Migrate.php(85): CodeIgniter\Database\MigrationRunner->latest()
#8 C:\xampp\htdocs\Test-crud\system\CLI\Commands.php(70): CodeIgniter\Commands\Database\Migrate->run()
#9 C:\xampp\htdocs\Test-crud\system\CLI\Console.php(48): CodeIgniter\CLI\Commands->run()
#10 C:\xampp\htdocs\Test-crud\system\Boot.php(360): CodeIgniter\CLI\Console->run()
#11 C:\xampp\htdocs\Test-crud\system\Boot.php(104): CodeIgniter\Boot::runCommand()
#12 C:\xampp\htdocs\Test-crud\spark(84): CodeIgniter\Boot::bootSpark()
#13 {main}

Next CodeIgniter\Database\Exceptions\DatabaseException: No se puede establecer una conexión ya que el equipo de destino denegó expresamente dicha conexión in C:\xampp\htdocs\Test-crud\system\Database\MySQLi\Connection.php:246
Stack trace:
#0 C:\xampp\htdocs\Test-crud\system\Database\BaseConnection.php(421): CodeIgniter\Database\MySQLi\Connection->connect()
#1 C:\xampp\htdocs\Test-crud\system\Database\BaseConnection.php(620): CodeIgniter\Database\BaseConnection->initialize()
#2 C:\xampp\htdocs\Test-crud\system\Database\BaseConnection.php(1525): CodeIgniter\Database\BaseConnection->query()
#3 C:\xampp\htdocs\Test-crud\system\Database\BaseConnection.php(1545): CodeIgniter\Database\BaseConnection->listTables()
#4 C:\xampp\htdocs\Test-crud\system\Database\MigrationRunner.php(758): CodeIgniter\Database\BaseConnection->tableExists()
#5 C:\xampp\htdocs\Test-crud\system\Database\MigrationRunner.php(162): CodeIgniter\Database\MigrationRunner->ensureTable()
#6 C:\xampp\htdocs\Test-crud\system\Commands\Database\Migrate.php(85): CodeIgniter\Database\MigrationRunner->latest()
#7 C:\xampp\htdocs\Test-crud\system\CLI\Commands.php(70): CodeIgniter\Commands\Database\Migrate->run()
#8 C:\xampp\htdocs\Test-crud\system\CLI\Console.php(48): CodeIgniter\CLI\Commands->run()
#9 C:\xampp\htdocs\Test-crud\system\Boot.php(360): CodeIgniter\CLI\Console->run()
#10 C:\xampp\htdocs\Test-crud\system\Boot.php(104): CodeIgniter\Boot::runCommand()
#11 C:\xampp\htdocs\Test-crud\spark(84): CodeIgniter\Boot::bootSpark()
#12 {main}
ERROR - 2025-04-11 23:06:28 --> Error connecting to the database: mysqli_sql_exception: No se puede establecer una conexión ya que el equipo de destino denegó expresamente dicha conexión in C:\xampp\htdocs\Test-crud\system\Database\MySQLi\Connection.php:201
Stack trace:
#0 C:\xampp\htdocs\Test-crud\system\Database\MySQLi\Connection.php(201): mysqli->real_connect()
#1 C:\xampp\htdocs\Test-crud\system\Database\BaseConnection.php(421): CodeIgniter\Database\MySQLi\Connection->connect()
#2 C:\xampp\htdocs\Test-crud\system\Database\BaseConnection.php(620): CodeIgniter\Database\BaseConnection->initialize()
#3 C:\xampp\htdocs\Test-crud\system\Database\BaseConnection.php(1525): CodeIgniter\Database\BaseConnection->query()
#4 C:\xampp\htdocs\Test-crud\system\Database\BaseConnection.php(1545): CodeIgniter\Database\BaseConnection->listTables()
#5 C:\xampp\htdocs\Test-crud\system\Database\MigrationRunner.php(758): CodeIgniter\Database\BaseConnection->tableExists()
#6 C:\xampp\htdocs\Test-crud\system\Database\MigrationRunner.php(162): CodeIgniter\Database\MigrationRunner->ensureTable()
#7 C:\xampp\htdocs\Test-crud\system\Commands\Database\Migrate.php(85): CodeIgniter\Database\MigrationRunner->latest()
#8 C:\xampp\htdocs\Test-crud\system\CLI\Commands.php(70): CodeIgniter\Commands\Database\Migrate->run()
#9 C:\xampp\htdocs\Test-crud\system\CLI\Console.php(48): CodeIgniter\CLI\Commands->run()
#10 C:\xampp\htdocs\Test-crud\system\Boot.php(360): CodeIgniter\CLI\Console->run()
#11 C:\xampp\htdocs\Test-crud\system\Boot.php(104): CodeIgniter\Boot::runCommand()
#12 C:\xampp\htdocs\Test-crud\spark(84): CodeIgniter\Boot::bootSpark()
#13 {main}

Next CodeIgniter\Database\Exceptions\DatabaseException: No se puede establecer una conexión ya que el equipo de destino denegó expresamente dicha conexión in C:\xampp\htdocs\Test-crud\system\Database\MySQLi\Connection.php:246
Stack trace:
#0 C:\xampp\htdocs\Test-crud\system\Database\BaseConnection.php(421): CodeIgniter\Database\MySQLi\Connection->connect()
#1 C:\xampp\htdocs\Test-crud\system\Database\BaseConnection.php(620): CodeIgniter\Database\BaseConnection->initialize()
#2 C:\xampp\htdocs\Test-crud\system\Database\BaseConnection.php(1525): CodeIgniter\Database\BaseConnection->query()
#3 C:\xampp\htdocs\Test-crud\system\Database\BaseConnection.php(1545): CodeIgniter\Database\BaseConnection->listTables()
#4 C:\xampp\htdocs\Test-crud\system\Database\MigrationRunner.php(758): CodeIgniter\Database\BaseConnection->tableExists()
#5 C:\xampp\htdocs\Test-crud\system\Database\MigrationRunner.php(162): CodeIgniter\Database\MigrationRunner->ensureTable()
#6 C:\xampp\htdocs\Test-crud\system\Commands\Database\Migrate.php(85): CodeIgniter\Database\MigrationRunner->latest()
#7 C:\xampp\htdocs\Test-crud\system\CLI\Commands.php(70): CodeIgniter\Commands\Database\Migrate->run()
#8 C:\xampp\htdocs\Test-crud\system\CLI\Console.php(48): CodeIgniter\CLI\Commands->run()
#9 C:\xampp\htdocs\Test-crud\system\Boot.php(360): CodeIgniter\CLI\Console->run()
#10 C:\xampp\htdocs\Test-crud\system\Boot.php(104): CodeIgniter\Boot::runCommand()
#11 C:\xampp\htdocs\Test-crud\spark(84): CodeIgniter\Boot::bootSpark()
#12 {main}
ERROR - 2025-04-11 23:10:51 --> Error connecting to the database: Error: Class "SQLite3" not found in C:\xampp\htdocs\Test-crud\system\Database\SQLite3\Connection.php:111
Stack trace:
#0 C:\xampp\htdocs\Test-crud\system\Database\BaseConnection.php(421): CodeIgniter\Database\SQLite3\Connection->connect()
#1 C:\xampp\htdocs\Test-crud\system\Database\SQLite3\Connection.php(74): CodeIgniter\Database\BaseConnection->initialize()
#2 C:\xampp\htdocs\Test-crud\system\Database\BaseConnection.php(620): CodeIgniter\Database\SQLite3\Connection->initialize()
#3 C:\xampp\htdocs\Test-crud\system\Database\BaseConnection.php(1525): CodeIgniter\Database\BaseConnection->query()
#4 C:\xampp\htdocs\Test-crud\system\Database\BaseConnection.php(1545): CodeIgniter\Database\BaseConnection->listTables()
#5 C:\xampp\htdocs\Test-crud\system\Database\MigrationRunner.php(758): CodeIgniter\Database\BaseConnection->tableExists()
#6 C:\xampp\htdocs\Test-crud\system\Database\MigrationRunner.php(162): CodeIgniter\Database\MigrationRunner->ensureTable()
#7 C:\xampp\htdocs\Test-crud\system\Commands\Database\Migrate.php(85): CodeIgniter\Database\MigrationRunner->latest()
#8 C:\xampp\htdocs\Test-crud\system\CLI\Commands.php(70): CodeIgniter\Commands\Database\Migrate->run()
#9 C:\xampp\htdocs\Test-crud\system\CLI\Console.php(48): CodeIgniter\CLI\Commands->run()
#10 C:\xampp\htdocs\Test-crud\system\Boot.php(360): CodeIgniter\CLI\Console->run()
#11 C:\xampp\htdocs\Test-crud\system\Boot.php(104): CodeIgniter\Boot::runCommand()
#12 C:\xampp\htdocs\Test-crud\spark(84): CodeIgniter\Boot::bootSpark()
#13 {main}
ERROR - 2025-04-11 23:14:23 --> Error connecting to the database: Error: Class "SQLite3" not found in C:\xampp\htdocs\Test-crud\system\Database\SQLite3\Connection.php:111
Stack trace:
#0 C:\xampp\htdocs\Test-crud\system\Database\BaseConnection.php(421): CodeIgniter\Database\SQLite3\Connection->connect()
#1 C:\xampp\htdocs\Test-crud\system\Database\SQLite3\Connection.php(74): CodeIgniter\Database\BaseConnection->initialize()
#2 C:\xampp\htdocs\Test-crud\system\Database\BaseConnection.php(620): CodeIgniter\Database\SQLite3\Connection->initialize()
#3 C:\xampp\htdocs\Test-crud\system\Database\BaseConnection.php(1525): CodeIgniter\Database\BaseConnection->query()
#4 C:\xampp\htdocs\Test-crud\system\Database\BaseConnection.php(1545): CodeIgniter\Database\BaseConnection->listTables()
#5 C:\xampp\htdocs\Test-crud\system\Database\MigrationRunner.php(758): CodeIgniter\Database\BaseConnection->tableExists()
#6 C:\xampp\htdocs\Test-crud\system\Database\MigrationRunner.php(162): CodeIgniter\Database\MigrationRunner->ensureTable()
#7 C:\xampp\htdocs\Test-crud\system\Commands\Database\Migrate.php(85): CodeIgniter\Database\MigrationRunner->latest()
#8 C:\xampp\htdocs\Test-crud\system\CLI\Commands.php(70): CodeIgniter\Commands\Database\Migrate->run()
#9 C:\xampp\htdocs\Test-crud\system\CLI\Console.php(48): CodeIgniter\CLI\Commands->run()
#10 C:\xampp\htdocs\Test-crud\system\Boot.php(360): CodeIgniter\CLI\Console->run()
#11 C:\xampp\htdocs\Test-crud\system\Boot.php(104): CodeIgniter\Boot::runCommand()
#12 C:\xampp\htdocs\Test-crud\spark(84): CodeIgniter\Boot::bootSpark()
#13 {main}
ERROR - 2025-04-11 23:16:19 --> Error connecting to the database: Error: Class "SQLite3" not found in C:\xampp\htdocs\Test-crud\system\Database\SQLite3\Connection.php:111
Stack trace:
#0 C:\xampp\htdocs\Test-crud\system\Database\BaseConnection.php(421): CodeIgniter\Database\SQLite3\Connection->connect()
#1 C:\xampp\htdocs\Test-crud\system\Database\SQLite3\Connection.php(74): CodeIgniter\Database\BaseConnection->initialize()
#2 C:\xampp\htdocs\Test-crud\system\Database\BaseConnection.php(620): CodeIgniter\Database\SQLite3\Connection->initialize()
#3 C:\xampp\htdocs\Test-crud\system\Database\BaseConnection.php(1525): CodeIgniter\Database\BaseConnection->query()
#4 C:\xampp\htdocs\Test-crud\system\Database\BaseConnection.php(1545): CodeIgniter\Database\BaseConnection->listTables()
#5 C:\xampp\htdocs\Test-crud\system\Database\MigrationRunner.php(758): CodeIgniter\Database\BaseConnection->tableExists()
#6 C:\xampp\htdocs\Test-crud\system\Database\MigrationRunner.php(162): CodeIgniter\Database\MigrationRunner->ensureTable()
#7 C:\xampp\htdocs\Test-crud\system\Commands\Database\Migrate.php(85): CodeIgniter\Database\MigrationRunner->latest()
#8 C:\xampp\htdocs\Test-crud\system\CLI\Commands.php(70): CodeIgniter\Commands\Database\Migrate->run()
#9 C:\xampp\htdocs\Test-crud\system\CLI\Console.php(48): CodeIgniter\CLI\Commands->run()
#10 C:\xampp\htdocs\Test-crud\system\Boot.php(360): CodeIgniter\CLI\Console->run()
#11 C:\xampp\htdocs\Test-crud\system\Boot.php(104): CodeIgniter\Boot::runCommand()
#12 C:\xampp\htdocs\Test-crud\spark(84): CodeIgniter\Boot::bootSpark()
#13 {main}
ERROR - 2025-04-11 23:22:52 --> Error connecting to the database: Error: Class "SQLite3" not found in C:\Users\gianl\OneDrive\Documentos\Projects\Test-crud\system\Database\SQLite3\Connection.php:111
Stack trace:
#0 C:\Users\gianl\OneDrive\Documentos\Projects\Test-crud\system\Database\BaseConnection.php(421): CodeIgniter\Database\SQLite3\Connection->connect()
#1 C:\Users\gianl\OneDrive\Documentos\Projects\Test-crud\system\Database\SQLite3\Connection.php(74): CodeIgniter\Database\BaseConnection->initialize()
#2 C:\Users\gianl\OneDrive\Documentos\Projects\Test-crud\system\Database\BaseConnection.php(620): CodeIgniter\Database\SQLite3\Connection->initialize()
#3 C:\Users\gianl\OneDrive\Documentos\Projects\Test-crud\system\Database\BaseConnection.php(1525): CodeIgniter\Database\BaseConnection->query()
#4 C:\Users\gianl\OneDrive\Documentos\Projects\Test-crud\system\Database\BaseConnection.php(1545): CodeIgniter\Database\BaseConnection->listTables()
#5 C:\Users\gianl\OneDrive\Documentos\Projects\Test-crud\system\Database\MigrationRunner.php(758): CodeIgniter\Database\BaseConnection->tableExists()
#6 C:\Users\gianl\OneDrive\Documentos\Projects\Test-crud\system\Database\MigrationRunner.php(162): CodeIgniter\Database\MigrationRunner->ensureTable()
#7 C:\Users\gianl\OneDrive\Documentos\Projects\Test-crud\system\Commands\Database\Migrate.php(85): CodeIgniter\Database\MigrationRunner->latest()
#8 C:\Users\gianl\OneDrive\Documentos\Projects\Test-crud\system\CLI\Commands.php(70): CodeIgniter\Commands\Database\Migrate->run()
#9 C:\Users\gianl\OneDrive\Documentos\Projects\Test-crud\system\CLI\Console.php(48): CodeIgniter\CLI\Commands->run()
#10 C:\Users\gianl\OneDrive\Documentos\Projects\Test-crud\system\Boot.php(360): CodeIgniter\CLI\Console->run()
#11 C:\Users\gianl\OneDrive\Documentos\Projects\Test-crud\system\Boot.php(104): CodeIgniter\Boot::runCommand()
#12 C:\Users\gianl\OneDrive\Documentos\Projects\Test-crud\spark(84): CodeIgniter\Boot::bootSpark()
#13 {main}
CRITICAL - 2025-04-11 23:46:05 --> CodeIgniter\View\Exceptions\ViewException: Invalid file: "users/index.html"
[Method: GET, Route: users]
in SYSTEMPATH\Exceptions\FrameworkException.php on line 39.
 1 SYSTEMPATH\View\View.php(212): CodeIgniter\Exceptions\FrameworkException::forInvalidFile()
 2 SYSTEMPATH\Common.php(1173): CodeIgniter\View\View->render()
 3 APPPATH\Controllers\UserController.php(14): view()
 4 SYSTEMPATH\CodeIgniter.php(933): App\Controllers\UserController->index()
 5 SYSTEMPATH\CodeIgniter.php(507): CodeIgniter\CodeIgniter->runController()
 6 SYSTEMPATH\CodeIgniter.php(354): CodeIgniter\CodeIgniter->handleRequest()
 7 SYSTEMPATH\Boot.php(334): CodeIgniter\CodeIgniter->run()
 8 SYSTEMPATH\Boot.php(67): CodeIgniter\Boot::runCodeIgniter()
 9 FCPATH\index.php(56): CodeIgniter\Boot::bootWeb()
10 SYSTEMPATH\rewrite.php(44): require_once('C:\\Users\\gianl\\OneDrive\\Documentos\\Projects\\Test-crud\\public\\index.php')
CRITICAL - 2025-04-11 23:46:31 --> CodeIgniter\View\Exceptions\ViewException: Invalid file: "users/index.html"
[Method: GET, Route: users]
in SYSTEMPATH\Exceptions\FrameworkException.php on line 39.
 1 SYSTEMPATH\View\View.php(212): CodeIgniter\Exceptions\FrameworkException::forInvalidFile()
 2 SYSTEMPATH\Common.php(1173): CodeIgniter\View\View->render()
 3 APPPATH\Controllers\UserController.php(14): view()
 4 SYSTEMPATH\CodeIgniter.php(933): App\Controllers\UserController->index()
 5 SYSTEMPATH\CodeIgniter.php(507): CodeIgniter\CodeIgniter->runController()
 6 SYSTEMPATH\CodeIgniter.php(354): CodeIgniter\CodeIgniter->handleRequest()
 7 SYSTEMPATH\Boot.php(334): CodeIgniter\CodeIgniter->run()
 8 SYSTEMPATH\Boot.php(67): CodeIgniter\Boot::runCodeIgniter()
 9 FCPATH\index.php(56): CodeIgniter\Boot::bootWeb()
10 SYSTEMPATH\rewrite.php(44): require_once('C:\\Users\\gianl\\OneDrive\\Documentos\\Projects\\Test-crud\\public\\index.php')
CRITICAL - 2025-04-11 23:49:44 --> CodeIgniter\View\Exceptions\ViewException: Invalid file: "users/create.php"
[Method: GET, Route: users/create]
in SYSTEMPATH\Exceptions\FrameworkException.php on line 39.
 1 SYSTEMPATH\View\View.php(212): CodeIgniter\Exceptions\FrameworkException::forInvalidFile()
 2 SYSTEMPATH\Common.php(1173): CodeIgniter\View\View->render()
 3 APPPATH\Controllers\UserController.php(19): view()
 4 SYSTEMPATH\CodeIgniter.php(933): App\Controllers\UserController->create()
 5 SYSTEMPATH\CodeIgniter.php(507): CodeIgniter\CodeIgniter->runController()
 6 SYSTEMPATH\CodeIgniter.php(354): CodeIgniter\CodeIgniter->handleRequest()
 7 SYSTEMPATH\Boot.php(334): CodeIgniter\CodeIgniter->run()
 8 SYSTEMPATH\Boot.php(67): CodeIgniter\Boot::runCodeIgniter()
 9 FCPATH\index.php(56): CodeIgniter\Boot::bootWeb()
10 SYSTEMPATH\rewrite.php(44): require_once('C:\\Users\\gianl\\OneDrive\\Documentos\\Projects\\Test-crud\\public\\index.php')
